<?xml version="1.0" encoding="UTF-8"?>
<!-- Generated by org.testng.reporters.JUnitXMLReporter -->
<testsuite hostname="DESKTOP-A94IS9U" failures="0" tests="1" name="TestOnChrome" time="0.976" errors="0" timestamp="14 Dec 2021 05:13:08 GMT">
  <testcase classname="matrix_web.crossbrowser" name="@BeforeTest setup" time="0.0">
    <failure type="org.openqa.selenium.SessionNotCreatedException" message="session not created: This version of ChromeDriver only supports Chrome version 97
Current browser version is 96.0.4664.93 with binary path C:\Program Files\Google\Chrome\Application\chrome.exe
Build info: version: &amp;apos;3.5.0&amp;apos;, revision: &amp;apos;8def36e068&amp;apos;, time: &amp;apos;2017-08-10T23:00:22.093Z&amp;apos;
System info: host: &amp;apos;DESKTOP-A94IS9U&amp;apos;, ip: &amp;apos;172.16.1.25&amp;apos;, os.name: &amp;apos;Windows 10&amp;apos;, os.arch: &amp;apos;amd64&amp;apos;, os.version: &amp;apos;10.0&amp;apos;, java.version: &amp;apos;17.0.1&amp;apos;
Driver info: driver.version: ChromeDriver
remote stacktrace: Backtrace:
	Ordinal0 [0x00EAE713+2549523]
	Ordinal0 [0x00E472D1+2126545]
	Ordinal0 [0x00D42C88+1059976]
	Ordinal0 [0x00D617FA+1185786]
	Ordinal0 [0x00D5D655+1168981]
	Ordinal0 [0x00D5AE21+1158689]
	Ordinal0 [0x00D8BFDF+1359839]
	Ordinal0 [0x00D8BC4A+1358922]
	Ordinal0 [0x00D87736+1341238]
	Ordinal0 [0x00D634E6+1193190]
	Ordinal0 [0x00D64376+1196918]
	GetHandleVerifier [0x01049742+1627410]
	GetHandleVerifier [0x010FA93C+2352908]
	GetHandleVerifier [0x00F42AE1+551089]
	GetHandleVerifier [0x00F41B03+547027]
	Ordinal0 [0x00E4CBEE+2149358]
	Ordinal0 [0x00E50F18+2166552]
	Ordinal0 [0x00E51060+2166880]
	Ordinal0 [0x00E5AC60+2206816]
	BaseThreadInitThunk [0x759CFA29+25]
	RtlGetAppContainerNamedObjectPath [0x779F7A9E+286]
	RtlGetAppContainerNamedObjectPath [0x779F7A6E+238]
">
      <![CDATA[org.openqa.selenium.SessionNotCreatedException: session not created: This version of ChromeDriver only supports Chrome version 97
Current browser version is 96.0.4664.93 with binary path C:\Program Files\Google\Chrome\Application\chrome.exe
Build info: version: '3.5.0', revision: '8def36e068', time: '2017-08-10T23:00:22.093Z'
System info: host: 'DESKTOP-A94IS9U', ip: '172.16.1.25', os.name: 'Windows 10', os.arch: 'amd64', os.version: '10.0', java.version: '17.0.1'
Driver info: driver.version: ChromeDriver
remote stacktrace: Backtrace:
	Ordinal0 [0x00EAE713+2549523]
	Ordinal0 [0x00E472D1+2126545]
	Ordinal0 [0x00D42C88+1059976]
	Ordinal0 [0x00D617FA+1185786]
	Ordinal0 [0x00D5D655+1168981]
	Ordinal0 [0x00D5AE21+1158689]
	Ordinal0 [0x00D8BFDF+1359839]
	Ordinal0 [0x00D8BC4A+1358922]
	Ordinal0 [0x00D87736+1341238]
	Ordinal0 [0x00D634E6+1193190]
	Ordinal0 [0x00D64376+1196918]
	GetHandleVerifier [0x01049742+1627410]
	GetHandleVerifier [0x010FA93C+2352908]
	GetHandleVerifier [0x00F42AE1+551089]
	GetHandleVerifier [0x00F41B03+547027]
	Ordinal0 [0x00E4CBEE+2149358]
	Ordinal0 [0x00E50F18+2166552]
	Ordinal0 [0x00E51060+2166880]
	Ordinal0 [0x00E5AC60+2206816]
	BaseThreadInitThunk [0x759CFA29+25]
	RtlGetAppContainerNamedObjectPath [0x779F7A9E+286]
	RtlGetAppContainerNamedObjectPath [0x779F7A6E+238]

	at org.openqa.selenium.remote.W3CHandshakeResponse.lambda$new$0(W3CHandshakeResponse.java:57)
	at org.openqa.selenium.remote.W3CHandshakeResponse.lambda$getResponseFunction$2(W3CHandshakeResponse.java:104)
	at org.openqa.selenium.remote.ProtocolHandshake.lambda$createSession$24(ProtocolHandshake.java:360)
	at java.base/java.util.stream.ReferencePipeline$3$1.accept(ReferencePipeline.java:197)
	at java.base/java.util.Spliterators$ArraySpliterator.tryAdvance(Spliterators.java:1002)
	at java.base/java.util.stream.ReferencePipeline.forEachWithCancel(ReferencePipeline.java:129)
	at java.base/java.util.stream.AbstractPipeline.copyIntoWithCancel(AbstractPipeline.java:527)
	at java.base/java.util.stream.AbstractPipeline.copyInto(AbstractPipeline.java:513)
	at java.base/java.util.stream.AbstractPipeline.wrapAndCopyInto(AbstractPipeline.java:499)
	at java.base/java.util.stream.FindOps$FindOp.evaluateSequential(FindOps.java:150)
	at java.base/java.util.stream.AbstractPipeline.evaluate(AbstractPipeline.java:234)
	at java.base/java.util.stream.ReferencePipeline.findFirst(ReferencePipeline.java:647)
	at org.openqa.selenium.remote.ProtocolHandshake.createSession(ProtocolHandshake.java:363)
	at org.openqa.selenium.remote.ProtocolHandshake.createSession(ProtocolHandshake.java:137)
	at org.openqa.selenium.remote.HttpCommandExecutor.execute(HttpCommandExecutor.java:142)
	at org.openqa.selenium.remote.service.DriverCommandExecutor.execute(DriverCommandExecutor.java:82)
	at org.openqa.selenium.remote.RemoteWebDriver.execute(RemoteWebDriver.java:641)
	at org.openqa.selenium.remote.RemoteWebDriver.startSession(RemoteWebDriver.java:254)
	at org.openqa.selenium.remote.RemoteWebDriver.startSession(RemoteWebDriver.java:236)
	at org.openqa.selenium.remote.RemoteWebDriver.<init>(RemoteWebDriver.java:137)
	at org.openqa.selenium.chrome.ChromeDriver.<init>(ChromeDriver.java:178)
	at org.openqa.selenium.chrome.ChromeDriver.<init>(ChromeDriver.java:167)
	at org.openqa.selenium.chrome.ChromeDriver.<init>(ChromeDriver.java:124)
	at matrix_web.crossbrowser.setup(crossbrowser.java:29)
... Removed 26 stack frames]]>
    </failure>
  </testcase> <!-- @BeforeTest setup -->
  <testcase classname="matrix_web.crossbrowser" name="@AfterTest afterTest" time="0.0">
    <skipped/>
  </testcase> <!-- @AfterTest afterTest -->
  <testcase classname="matrix_web.crossbrowser" name="test" time="0.001">
    <skipped/>
  </testcase> <!-- test -->
</testsuite> <!-- TestOnChrome -->
