<!DOCTYPE html PUBLIC "-//W3C//DTD XHTML 1.1//EN" "http://www.w3.org/TR/xhtml11/DTD/xhtml11.dtd">
<html xmlns="http://www.w3.org/1999/xhtml"><head><title>TestNG Report</title><style type="text/css">table {margin-bottom:10px;border-collapse:collapse;empty-cells:show}th,td {border:1px solid #009;padding:.25em .5em}th {vertical-align:bottom}td {vertical-align:top}table a {font-weight:bold}.stripe td {background-color: #E6EBF9}.num {text-align:right}.passedodd td {background-color: #3F3}.passedeven td {background-color: #0A0}.skippedodd td {background-color: #DDD}.skippedeven td {background-color: #CCC}.failedodd td,.attn {background-color: #F33}.failedeven td,.stripe .attn {background-color: #D00}.stacktrace {white-space:pre;font-family:monospace}.totop {font-size:85%;text-align:center;border-bottom:2px solid #000}</style></head><body><table><tr><th>Test</th><th># Passed</th><th># Skipped</th><th># Failed</th><th>Time (ms)</th><th>Included Groups</th><th>Excluded Groups</th></tr><tr><th colspan="7">Suite</th></tr><tr><td><a href="#t0">TestOnChrome</a></td><td class="num">0</td><td class="num attn">1</td><td class="num">0</td><td class="num">976</td><td></td><td></td></tr><tr class="stripe"><td><a href="#t1">TestOnFirefox</a></td><td class="num">0</td><td class="num">0</td><td class="num attn">1</td><td class="num">70,737</td><td></td><td></td></tr><tr><td><a href="#t2">TestOnEdge</a></td><td class="num">1</td><td class="num">0</td><td class="num">0</td><td class="num">105,415</td><td></td><td></td></tr><tr><th>Total</th><th class="num">1</th><th class="num attn">1</th><th class="num attn">1</th><th class="num">177,128</th><th colspan="2"></th></tr></table><table><thead><tr><th>Class</th><th>Method</th><th>Start</th><th>Time (ms)</th></tr></thead><tbody><tr><th colspan="4">Suite</th></tr></tbody><tbody id="t0"><tr><th colspan="4">TestOnChrome &#8212; failed (configuration methods)</th></tr><tr class="failedeven"><td rowspan="1">matrix_web.crossbrowser</td><td><a href="#m0">setup</a></td><td rowspan="1">1639458787464</td><td rowspan="1">0</td></tr><tr><th colspan="4">TestOnChrome &#8212; skipped (configuration methods)</th></tr><tr class="skippedeven"><td rowspan="1">matrix_web.crossbrowser</td><td><a href="#m1">afterTest</a></td><td rowspan="1">1639458788440</td><td rowspan="1">0</td></tr><tr><th colspan="4">TestOnChrome &#8212; skipped</th></tr><tr class="skippedeven"><td rowspan="1">matrix_web.crossbrowser</td><td><a href="#m2">test</a></td><td rowspan="1">1639458788439</td><td rowspan="1">1</td></tr></tbody><tbody id="t1"><tr><th colspan="4">TestOnFirefox &#8212; failed</th></tr><tr class="failedeven"><td rowspan="1">matrix_web.crossbrowser</td><td><a href="#m3">test</a></td><td rowspan="1">1639458790726</td><td rowspan="1">67965</td></tr></tbody><tbody id="t2"><tr><th colspan="4">TestOnEdge &#8212; passed</th></tr><tr class="passedeven"><td rowspan="1">matrix_web.crossbrowser</td><td><a href="#m4">test</a></td><td rowspan="1">1639458859847</td><td rowspan="1">104721</td></tr></tbody></table><h2>TestOnChrome</h2><h3 id="m0">matrix_web.crossbrowser#setup</h3><table class="result"><tr class="param"><th>Parameter #1</th></tr><tr class="param stripe"><td>chrome</td></tr><tr><th>Exception</th></tr><tr><td><div class="stacktrace">org.openqa.selenium.SessionNotCreatedException: session not created: This version of ChromeDriver only supports Chrome version 97
Current browser version is 96.0.4664.93 with binary path C:\Program Files\Google\Chrome\Application\chrome.exe
Build info: version: &apos;3.5.0&apos;, revision: &apos;8def36e068&apos;, time: &apos;2017-08-10T23:00:22.093Z&apos;
System info: host: &apos;DESKTOP-A94IS9U&apos;, ip: &apos;172.16.1.25&apos;, os.name: &apos;Windows 10&apos;, os.arch: &apos;amd64&apos;, os.version: &apos;10.0&apos;, java.version: &apos;17.0.1&apos;
Driver info: driver.version: ChromeDriver
remote stacktrace: Backtrace:
	Ordinal0 [0x00EAE713+2549523]
	Ordinal0 [0x00E472D1+2126545]
	Ordinal0 [0x00D42C88+1059976]
	Ordinal0 [0x00D617FA+1185786]
	Ordinal0 [0x00D5D655+1168981]
	Ordinal0 [0x00D5AE21+1158689]
	Ordinal0 [0x00D8BFDF+1359839]
	Ordinal0 [0x00D8BC4A+1358922]
	Ordinal0 [0x00D87736+1341238]
	Ordinal0 [0x00D634E6+1193190]
	Ordinal0 [0x00D64376+1196918]
	GetHandleVerifier [0x01049742+1627410]
	GetHandleVerifier [0x010FA93C+2352908]
	GetHandleVerifier [0x00F42AE1+551089]
	GetHandleVerifier [0x00F41B03+547027]
	Ordinal0 [0x00E4CBEE+2149358]
	Ordinal0 [0x00E50F18+2166552]
	Ordinal0 [0x00E51060+2166880]
	Ordinal0 [0x00E5AC60+2206816]
	BaseThreadInitThunk [0x759CFA29+25]
	RtlGetAppContainerNamedObjectPath [0x779F7A9E+286]
	RtlGetAppContainerNamedObjectPath [0x779F7A6E+238]

	at org.openqa.selenium.remote.W3CHandshakeResponse.lambda$new$0(W3CHandshakeResponse.java:57)
	at org.openqa.selenium.remote.W3CHandshakeResponse.lambda$getResponseFunction$2(W3CHandshakeResponse.java:104)
	at org.openqa.selenium.remote.ProtocolHandshake.lambda$createSession$24(ProtocolHandshake.java:360)
	at java.base/java.util.stream.ReferencePipeline$3$1.accept(ReferencePipeline.java:197)
	at java.base/java.util.Spliterators$ArraySpliterator.tryAdvance(Spliterators.java:1002)
	at java.base/java.util.stream.ReferencePipeline.forEachWithCancel(ReferencePipeline.java:129)
	at java.base/java.util.stream.AbstractPipeline.copyIntoWithCancel(AbstractPipeline.java:527)
	at java.base/java.util.stream.AbstractPipeline.copyInto(AbstractPipeline.java:513)
	at java.base/java.util.stream.AbstractPipeline.wrapAndCopyInto(AbstractPipeline.java:499)
	at java.base/java.util.stream.FindOps$FindOp.evaluateSequential(FindOps.java:150)
	at java.base/java.util.stream.AbstractPipeline.evaluate(AbstractPipeline.java:234)
	at java.base/java.util.stream.ReferencePipeline.findFirst(ReferencePipeline.java:647)
	at org.openqa.selenium.remote.ProtocolHandshake.createSession(ProtocolHandshake.java:363)
	at org.openqa.selenium.remote.ProtocolHandshake.createSession(ProtocolHandshake.java:137)
	at org.openqa.selenium.remote.HttpCommandExecutor.execute(HttpCommandExecutor.java:142)
	at org.openqa.selenium.remote.service.DriverCommandExecutor.execute(DriverCommandExecutor.java:82)
	at org.openqa.selenium.remote.RemoteWebDriver.execute(RemoteWebDriver.java:641)
	at org.openqa.selenium.remote.RemoteWebDriver.startSession(RemoteWebDriver.java:254)
	at org.openqa.selenium.remote.RemoteWebDriver.startSession(RemoteWebDriver.java:236)
	at org.openqa.selenium.remote.RemoteWebDriver.&lt;init&gt;(RemoteWebDriver.java:137)
	at org.openqa.selenium.chrome.ChromeDriver.&lt;init&gt;(ChromeDriver.java:178)
	at org.openqa.selenium.chrome.ChromeDriver.&lt;init&gt;(ChromeDriver.java:167)
	at org.openqa.selenium.chrome.ChromeDriver.&lt;init&gt;(ChromeDriver.java:124)
	at matrix_web.crossbrowser.setup(crossbrowser.java:29)
... Removed 26 stack frames</div></td></tr></table><p class="totop"><a href="#summary">back to summary</a></p><h3 id="m1">matrix_web.crossbrowser#afterTest</h3><table class="result"></table><p class="totop"><a href="#summary">back to summary</a></p><h3 id="m2">matrix_web.crossbrowser#test</h3><table class="result"></table><p class="totop"><a href="#summary">back to summary</a></p><h2>TestOnFirefox</h2><h3 id="m3">matrix_web.crossbrowser#test</h3><table class="result"><tr><th>Exception</th></tr><tr><td><div class="stacktrace">org.openqa.selenium.WebDriverException: Element &lt;div class=&quot;hSetting pl-1 dropdown&quot;&gt; is not clickable at point (991,32) because another element &lt;li class=&quot;ml-1&quot;&gt; obscures it
Build info: version: &apos;3.5.0&apos;, revision: &apos;8def36e068&apos;, time: &apos;2017-08-10T23:00:22.093Z&apos;
System info: host: &apos;DESKTOP-A94IS9U&apos;, ip: &apos;172.16.1.25&apos;, os.name: &apos;Windows 10&apos;, os.arch: &apos;amd64&apos;, os.version: &apos;10.0&apos;, java.version: &apos;17.0.1&apos;
Driver info: org.openqa.selenium.firefox.FirefoxDriver
Capabilities [{moz:profile=C:\Users\IM0258\AppData\Local\Temp\rust_mozprofileRwYcA6, moz:geckodriverVersion=0.30.0, timeouts={implicit=0.0, pageLoad=300000.0, script=30000.0}, pageLoadStrategy=normal, unhandledPromptBehavior=dismiss and notify, strictFileInteractability=false, moz:headless=false, platform=ANY, proxy=Proxy(), moz:accessibilityChecks=false, moz:useNonSpecCompliantPointerOrigin=false, acceptInsecureCerts=false, browserVersion=95.0, moz:shutdownTimeout=60000.0, platformVersion=10.0, moz:processID=11072.0, browserName=firefox, moz:buildID=20211129150630, javascriptEnabled=true, platformName=windows, setWindowRect=true, moz:webdriverClick=true}]
Session ID: f98375d3-3d51-453f-8bbf-1b9ed62334fe
	at org.openqa.selenium.remote.http.W3CHttpResponseCodec.createException(W3CHttpResponseCodec.java:185)
	at org.openqa.selenium.remote.http.W3CHttpResponseCodec.decode(W3CHttpResponseCodec.java:120)
	at org.openqa.selenium.remote.http.W3CHttpResponseCodec.decode(W3CHttpResponseCodec.java:49)
	at org.openqa.selenium.remote.HttpCommandExecutor.execute(HttpCommandExecutor.java:164)
	at org.openqa.selenium.remote.service.DriverCommandExecutor.execute(DriverCommandExecutor.java:82)
	at org.openqa.selenium.remote.RemoteWebDriver.execute(RemoteWebDriver.java:641)
	at org.openqa.selenium.remote.RemoteWebElement.execute(RemoteWebElement.java:275)
	at org.openqa.selenium.remote.RemoteWebElement.click(RemoteWebElement.java:82)
	at matrix_web.crossbrowser.test(crossbrowser.java:71)
... Removed 28 stack frames</div></td></tr></table><p class="totop"><a href="#summary">back to summary</a></p><h2>TestOnEdge</h2><h3 id="m4">matrix_web.crossbrowser#test</h3><table class="result"></table><p class="totop"><a href="#summary">back to summary</a></p></body></html>